0	Gets the effective converter map .
1	Adds a stagger to the given array .
2	Deserializes the offset map from the last source offset .
3	Registers a packet interceptor with this connection . A packet filter determines which packets will be delivered to the interceptor . If the filter is null , all packets will be delivered to the interceptor .
4	Returns the number of characters needed to represent the given integer value in decimal format.
5	Is the counter active for the given recording id .
6	Is the given column part of a key ?
7	Returns the names of all clusters owned by the given server .
8	Sorts the specified range of the array into ascending order . This method differs from the public sort method in that the sort is guaranteed to use the Comparator provided .
9	Main method to run the program .
10	Invalidates all JWT contexts that match the given predicate .
11	Attaches a timer to this node .
12	Allocate a char buffer for the given size .
13	Write the XML representation of this dataset to the given OutputStream .
14	Get the ACI for the given activity .
15	Returns the prefix of a fully qualified name .
16	Returns true if the inStr is inside of the start and end strings .
17	Creates a new HEAD request .
18	Get default values for all fields in the schema .
19	Adds transformations to the builder .
20	Calculate the gradient of this function with respect to the specified inputs .
21	Validates the picture .
22	Initialize once .
23	Deletes a permission from a contact .
24	Converts the given Spanned text to HTML .
25	Extracts the validator meta-data from the annotations .
26	Pulls the named attribute from the given node .
27	Returns the child class of the given parent class .
28	Write bytes to the output stream .
29	Adds a query parameter with the given name and value .
30	Draws a tile using the query .
31	Close this appender instance . The underlying stream or writer is also closed .
32	Returns true if the class name is in the system package list .
33	Converts the given value to the given target type .
34	Get the package name of the given class .
35	Adds a parameterized template to the list of parameterized templates .
36	Get the usage parameter set with the specified name .
37	Returns a map of extra metadata to be added to the thrift object .
38	Reads more bytes from the input stream .
39	Loads the data from the file into memory .
40	Adds a profile to the list of enabled profiles .
41	Returns the set of vertices that have an inward edge to the specified vertex .
42	Polls the queue for data.
43	Skip whitespace .
44	Parse int from string .
45	Copy all arcs going into a state .
46	Sets the styles and icons for a feature .
47	setter for id - sets ID of the concept
48	Get the status of a job .
49	Returns an empty map .
50	Returns the token as a JSON object .
51	Sets the property value by parsing a given String .
52	Read the DataRoot from the catalog .
53	Version control the resource .
54	Returns true if the dataset contains any collections .
55	Checks if the stream exists and returns the number of shards in the stream .
56	Registers Madvoc components .
57	Creates a URLStreamHandler for the given protocol .
58	Sends the content of the file to the output stream .
59	Grab a double from the byte array .
60	Checks if the dependencies of the specified component are available in the component repository or in the deployable unit .
61	Get the configuration for the given class .
62	Returns the number of nodes with the given status .
63	Execute the ALTER PROPERTY .
64	Invokes the method on the given object with the given parameters .
65	Sets the footer of the sheet configuration .
66	Converts an array type .
67	Emit a field access instruction .
68	Adds a vertex to the graph .
69	Checks whether the given name is empty .
70	Checks if the given interceptor class has a scope annotation .
71	Returns the index of the given key in the map .
72	Logs the response to the given stream if the response status code matches the given matcher .
73	Deserialize a file to an object of type T .
74	Populate the geometry metadata from the geometry envelope
75	Converts the given value to a Collection with a single element .
76	Commit the last offset .
77	Reads the data from the network .
78	Fires a Profile Added or Updated Event if needed .
79	Find the index of the given value in the range .
80	Pushes a variable reference onto the stack .
81	Adds a CONSTANT_NameAndType_info structure to the constant pool of the class being build . Does nothing if the constant pool already contains a similar item . Returns a new or already existing CONSTANT_NameAndType_info structure
82	Read the top of the file .
83	Decodes the given base58 string into the original data bytes .
84	Returns the principal of the current user .
85	Generates a new token string .
86	Get a string array from a string using the delimiter .
87	Creates a forward path from a path .
88	Sets the value of the zimmertyp property .
89	Creates a new locator .
90	Returns the stack trace of the given thread .
91	Returns the build reference date .
92	Creates new bean instance .
93	Merges two sets of records .
94	Reads parameters from the configuration file .
95	Gets a new transactional graph instance .
96	Invokes the plugin for the given custom tag .
97	Writes the input stream to the output stream .
98	Sets the presence of this entity .
99	Sets the cell value to a number .
100	Caches result set entities .
101	Calculates the number of columns needed to display the fields .
102	Parse remote IP .
103	Ensures that the working directory exists and is a directory .
104	Returns true if this node has the given edge .
105	Adds a property injection point .
106	Returns the hash table size that should be used for the given number of elements .
107	Add parent join data to cursor .
108	Get the name of the ActiveMQ server .
109	Creates array properties from the properties that have a numeric suffix .
110	Returns the type of the coordinate values .
111	Converts a URL safe key to a Key .
112	Convert the member info from the Variable to the StructureMembers . Member .
113	Get the set of types that the given boolean value can be converted to.
114	Lookup an alias in the alias map .
115	Apply default header to a term buffer .
116	Returns all values for the given name .
117	Handles the ElementEvent .
118	Extracts the meta tags from the document .
119	Returns a transactional queue backed by the given queue .
120	Gets the value of the valuelist property .
121	Restore all tables from CSV files .
122	getter for occurrences - gets The list of occurrences of this candidate answer variant in the document collection.
123	Writes a JSON integer value .
124	Frees a state .
125	Calculate the size of the structure .
126	Returns the names of all groups in the group info .
127	Returns a list of all polymer and grouping IDs .
128	Finds the next unescaped separator's position starting from index start . Returns - 1 if no such separator is found .
129	Has the given member reached the given position .
130	Detail error message .
131	Resolve an external system identifier .
132	Iterate over all beans of a given type .
133	Query the features in the given bounding box .
134	Adds all values from the specified array to the end of this array .
135	Get a list of fact sheets .
136	Lookup a name in the current context .
137	Gets the value of the erdwaerme property .
138	Returns the vocab for the given bean .
139	Returns the default icon ref for the project .
140	Adds a condition factor to the list of condition factors .
141	Returns the size of the file .
142	Returns a list of transactions for the given address .
143	Check if a class implements a given interface .
144	Post parse steps .
145	Upgrades the given pipeline configuration if necessary .
146	Sweeps tail of execution queue .
147	Attaches the request and response to this context .
148	Extracts the primary key from the given object .
149	Remove a PropertyChangeListener from the listener list . This removes a PropertyChangeListener that was registered for all properties . If listener was added more than once to the same event source , it will be notified one less time after being removed . If listener is
150	Skips n bytes of input .
151	Convert cell .
152	Round up to the next power of 2 .
153	Registers a resource adapter deployment with the connector registry .
154	Returns true if there are no more characters to be read .
155	Find a Variable in a Structure by looking for an attribute with a given name and value .
156	Recursive method to build the tree .
157	Convert the given text value to an object of the given type .
158	Initializes the message keys for the message.
159	Inserts the element at the specified index
160	Add a throwable to the list of throwables .
161	Gets the value of the vermarktungsart property .
162	Factory method for creating a new instance of { @link ResourceChangeHandler } .
163	Get an instance of this class that will match on the dataset path .
164	Get an iterator over the data for a given station and date range .
165	Returns all files in the directory .
166	Checks if changes are filled up to the given page index .
167	Maps the upstream items into Iterables and concatenates them into a single Flowable sequence .
168	Sends the opening handshake . < / s > public void setMaxInactiveInterval ( int interval ) { this . maxInactiveInterval = interval ; } <s> Sets the time , in seconds , between client requests before the serv
169	Set the fetch plan to use.
170	Sets the value of the city property .
171	Adds all attributes from the given iterable .
172	Gets the InputStream for the given resource .
173	Replace all instances of a character in a String .
174	Gets the value of the feature { @link #depLabel } .
175	Register a new event ID .
176	Adds a constant to the constant pool .
177	Initializes the lookup table for this node .
178	Evaluates the given source .
179	Writes a field to the given writer .
180	Returns true if the two boxes are the same size and have the same center .
181	Migrate generic transport .
182	Analyze the dataset , using the TableConfig if present .
183	Returns a response handler that will process the response and return the text if valid .
184	Gets the value of the objektKategorie2 property .
185	Checks if the given string is a valid groupID .
186	Tries to subscribe to the source and calls the mapper function if the source is a Callable .
187	Returns a new input stream for reading the body .
188	Retry the timeout .
189	Sets the headers on the MimeMessage .
190	Writes a data page .
191	Returns the setter method name for the given field .
192	Parses the response from the HTTP request .
193	Returns an input stream for reading the specified resource .
194	Exports the queue to a HashMap .
195	Renders the view .
196	Save the PersistenceProviderAdaptor for the deployment unit .
197	Removes a property from the vertex .
198	Returns the request URL string .
199	Returns the set of types that the given character can be converted to .
200	Convert a string to a value of a given schema .
201	Get locators for this rollup .
202	Copies all of the mappings from the specified map to this map . These mappings will replace any mappings that this map had for any of the keys currently in the specified map .
203	Adds a reference to a constant dynamic or invoke dynamic entry to the constant pool of this class .
204	Adds cache dependencies .
205	Bulk insert .
206	Returns the prime factors of the given number .
207	Adds a listener for a target .
208	Schedule a prune task to run after a given delay .
209	Sets the count attribute .
210	Set the NetcdfFile to be dumped .
211	Attaches a timer to the cache entry .
212	Verifies and creates temp tables for the current block and the last startup block .
213	Pops the run as identity from the security context .
214	Apply the rules to the column name to determine the property name .
215	Consumes all comment tokens in the given line .
216	Creates inheritance link between concrete class and super class .
217	Returns a list of supported codecs .
218	Converts the polymer to HELM2 format .
219	Creates a binary search for a list .
220	Creates a new instance of the cache .
221	Prints usage for this command .
222	Clears the grid .
223	Encode the prefix .
224	Transforms the set of points using the specified transform .
225	Validates the given target object .
226	Convert an absolute path to a relative path .
227	Encodes a picture and returns the result .
228	Delete the global attribute with the given name .
229	Create a recovery plan for the given log entries .
230	Get the component view for this component .
231	Parse an XML document from an InputSource .
232	Returns default signaling parameters .
233	Returns the azimuths of the rays in this beam .
234	Finds all data from bucket .
235	Returns an enumeration of all the keys in this property list, including distinct keys in the default property list if a key of the same name has not already been found from the main properties list.
236	Defines a decora tag .
237	Extracts the symbolic name from the given jar file .
238	Returns the host URL .
239	Changes the state of the profile mbean to write .
240	Reset the cache .
241	Sets the value of the named attribute in the specified scope .
242	Writes the non-static and non-transient fields of the current class to this stream .
243	Creates a UnicastProcessor with the given capacity hint and a callback for when the processor is terminated .
244	Finds a coordinate transform by name .
245	Enlarges the map to double its current size .
246	Returns true if the given class loader has the same version of cglib as the one used by this class .
247	Executes a DELETE request .
248	Joins the elements of the provided list into a single String containing the provided list 's elements.
249	Tries to decrement active count ( sometimes implicitly ) and possibly release or create a compensating worker . Returns false ( retryable by caller ) on failure due to contention . Called only from awaitWork ( WorkQueue w , int r ) .
250	Factory method to create a SimpleUnit from a String .
251	Convert ptg .
252	Checks if there is an error message from the object in context .
253	Removes the object pool for the specified profile table .
254	Accept a new connection .
255	Adds an interceptor factory to the list of post activate interceptor factories .
256	Convert the identifier to the appropriate type .
257	Clear all options .
258	Execute the mojo .
259	Replace the object with a stub if it is a remote object .
260	Copy an object using serialization .
261	Updates counter if value is smaller than current counter value .
262	Set the current element for the given dimension .
263	Add an attribute to the root group .
264	Returns the distance from the closest point on the polygon to the specified point .
265	Returns the field name of the constraint .
266	Rebuild upper level formula .
267	Sets the value of the anbieter property .
268	Joins a list of NAL units into a single buffer .
269	Sets the value of the hallenTyp property .
270	Prints all routes .
271	Gets the value of the field with the given name .
272	Unescape a URL .
273	Get all interfaces methods .
274	Visits a field of the class . This method must return a new FieldVisitor instance (or null ) each time it is called , i . e . it should not return a previously returned visitor .
275	Get a message.
276	Find first record .
277	Extracts column parameters from the given row .
278	Get bookmarks .
279	Unsets the FaultTolerantResourceAdaptorContext for the RA object .
280	Removes the vertex from the graph .
281	Returns the index of the first occurrence of the specified element in the specified array , or - 1 if the specified array does not contain the element .
282	Reduce by R .
283	Returns the discriminating value for the given event .
284	Reads a scaled integer from the buffer .
285	Refresh the repository view .
286	Make an associated field for this descriptor .
287	Simplifies the points using the given tolerance .
288	Open a FeatureDataset from a location .
289	Add member values to an annotation .
290	Returns the directory path for the given date and record .
291	Returns the list of servers that are configured for the given cluster names .
292	Visits an inner class .
293	Unpack data .
294	Crawl the direct datasets of a dataset .
295	Returns true if the subset is a subset of the set .
296	Checks if a class exists and is loadable .
297	Creates a notification response with a single error .
298	Gets the value of the terrain property .
299	Flattens a Throwable into a List of Throwables .
300	Finds the value for a given key in the default resource catalog .
301	Optimize the instructions .
302	Creates a new instance of the StageLibraryDelegate .
303	Parses the response from the query into the given response class .
304	Moves the window to the position where the next bytes will be read .
305	Clears the pool .
306	Get the standard URI for this dataset .
307	Marks the given errors in the given file .
308	Creates HttpRequestBase instance based on given parameters .
309	Sets the value of the propertyStatus property .
310	Handle links in the body .
311	Called when the user has entered a link and pressed OK .
312	Returns the specified column as a vector .
313	Get the type of the filter .
314	Maps the authorities from the supplied collection to a set of roles .
315	Executes the function .
316	Get all methods for the class and its superclasses and interfaces .
317	Parse a string into a RegionRequest .
318	Loads the given bindings into the application .
319	Sets up the request and response objects .
320	Handle the request .
321	Broadcast text to all clients .
322	Find child rows mapping from shift map .
323	Finish the computation by operations such as adding rounds constants , and other padding .
324	Lookup a SqlType by class .
325	Locate a file or directory in the file system .
326	Returns the BoolFunction with the given name .
327	Creates index .
328	Get the style DAO
329	Returns the connection by its id .
330	Returns the serializer for the given type .
331	Returns the service name for the job operator service for the given deployment unit .
332	Write the permissions for a graph .
333	Returns the HTML for the header of the user page .
334	Creates a new container .
335	Adds a CaptureAppender to the given logger .
336	Make a StationFeature from a StructureData .
337	Calculate the quorum position .
338	Canonicalizes the given type for use as a key .
339	Creates the first chain delegate method .
340	Adds the specified element to this queue . If the queue is full , the least recently used element is removed .
341	Registers method injection point .
342	Builds the profile attribute map .
343	Converts a plane into a rigid body motion .
344	Returns the catalogs .
345	Reverse the bits in a 64 bit integer .
346	Loads a provider module by name .
347	Repositions the underlying byte stream to the given position .
348	Modify the file .
349	Builds index search descriptor for fulltext index .
350	Notifies the listener that a new name is bound to the registry .
351	Release the file , so another thread can use it .
352	Resolve all local system identifiers .
353	Returns true if the two points are identical within the given tolerance .
354	Removes a single row from the sheet .
355	Returns the query string for the request .
356	Unbinds from the radio service .
357	Prepare worksheet .
358	Creates a playlist request .
359	Returns true if the given value is in the map .
360	Concatenate bits from a to this .
361	Frame a term id in a buffer .
362	Converts a media frame number to a QuickTime player frame number .
363	Returns the remote name for the file .
364	Extracts the value as a runtime type .
365	Converts a type to a typeref .
366	Verifies if the command is valid .
367	Build dynamic row for area ptg base .
368	Called before a getCmpField operation .
369	Sets the code address for a functor .
370	Create a new HTTPMethod object .
371	Returns the absolute path of the given file name .
372	Jar the given directory .
373	Writes a 24 bit integer to a byte array .
374	parse
375	Close the transaction .
376	Creates a new label with the given value .
377	Returns the pointer for the given buffer .
378	Calculates the operation analysis map .
379	Returns the longitudes of the rays in the sweep .
380	Creates an NTLM authentication scheme .
381	Write one dataset to a file .
382	Reset the shape of the array .
383	Upgrade V1 to V2 .
384	Returns the size of a component .
385	Returns the package name of the class .
386	Is this a top level variable .
387	Copy the contents of the given Reader to the given OutputStream . Closes both when done .
388	Creates a new instance of ReferencedData .
389	Abort the current stream .
390	Sets the value of the pelletheizung property .
391	Close connection .
392	Returns a list of classes that are in the specified package and that implement the specified interface .
393	Join NAL units into a single buffer .
394	Adds all of the elements in the specified collection to this collection ( optional operation ) . The behavior of this operation is undefined if the specified collection is modified while the operation is in progress . ( This implies that the behavior of this call is undefined if the
395	Runs the command line interface .
396	Injects uploaded files into the target object .
397	Get login user .
398	Returns true if the names of the two objects are equal .
399	Binds a supplier to a type .
400	Join all queues .
401	Zooms the picture to fit the panel .
402	Ensure that the package exists .
403	Returns the next element in the iteration .
404	Create a TaskAttemptContext from conf and given taskAttemptId .
405	Fixup overloaded operation names .
406	Find the index of the x , y coordinate in the grid .
407	Processes the given snippet .
408	Removes the select statement from the sql .
409	Starts the connection lost timer .
410	Returns a set of the keys contained in this map .
411	Get the name of the subcenter .
412	Deactivates the IRObject .
413	Returns an instance of the native WAMResolvingMachine .
414	Returns the next DataSet in the iterator .
415	Starts the SLEE .
416	Uncompress the data .
417	Fixes up a reference or area ptg to refer to the new row .
418	Reads the next record from the CSV file .
419	Creates a new symmetric key from a stream .
420	Adds the given timer to this timer .
421	getter for conceptType - gets The type of the concept .
422	Configure by opening a file input stream .
423	Returns the timeout to execute the distributed task .
424	Starts the web ui .
425	Handles errors that occur in actions .
426	Atomically adds the given value to the current value .
427	Wraps a query in a CursorResult .
428	Increments the source offset .
429	Encodes the raw password . Generally , a good encoding algorithm applies a SHA - 1 or greater hash combined with an 8 - byte or greater randomly generated salt .
430	Main method .
431	Updates only given properties of given entity .
432	Clears the slot from running slots .
433	getter for isObjUri - gets Whether the object is a URI .
434	Returns the permissions granted to the specified CodeSource object .
435	Returns the file type as a string .
436	Instantiates a class using the classloader of the given class .
437	Ends the configuration of the appender passed as parameter. The appender is popped from the object stack.
438	Creates a new Cli instance using the given options instance .
439	Get the entity value for the given entity name .
440	Finds a property editor for the given type name .
441	Shift the origin of the range by the given amount .
442	Create a new Index with the given ranges .
443	Returns the description of the level .
444	Sets the CC addresses .
445	Gets the appropriate method for the given property name and arguments .
446	Sets the value of the monatsmiete property .
447	Set the match for a subexpression .
448	Get the variables for a given vocabulary .
449	Prints the message to the console .
450	Open a FeatureDataset from a Dataset .
451	Returns true if the value of this field matches any of the given conditions .
452	Get the Objectify instance for this DAO .
453	Change the final length of the upper level config ranges .
454	Make the C ( s ) function .
455	Login to the application using the given username and password .
456	Encodes the given port using the given encoding .
457	Resets the trainer .
458	Creates a new node from a successor .
459	Returns true if the given type mirror is an integer type .
460	Update a flow .
461	Converts dip to pixels .
462	Converts a byte array to an int array .
463	Adds an edge to this node .
464	Copies a file to a directory preserving the file date .
465	Set count interval values .
466	Deletes the entity .
467	Put a DataRootExt into the map .
468	Sets the data of this attachment to the given bitmap .
469	Adds a CC address to the filter .
470	Sets the start and end time of the trigger .
471	Returns the PrimitiveAnalysis for the given class .
472	Returns the full name of this node .
473	Returns the exact direct supertypes of the given type .
474	Gets the parameterized type .
475	Dispatch an action on the FX Application Thread .
476	Write CDL representation .
477	Returns the components of this template as a { @link PartialUriTemplateComponents } .
478	Get default value for a given schema .
479	Copy cell value .
480	Validate the color string
481	Waits for the loader to finish .
482	Initializes this template .
483	Get the current entity manager stack .
484	Adds a reference to a member of a class in the constant pool of the class being generated . This method must be used for fields and methods that are not accessed dynamically .
485	Snapshot of the current backlogs .
486	Logs an error message .
487	Generates a gradient-coherent-noise value from the coordinates of a three-dimensional input value .
488	Get the in bounds x value .
489	Saves the ResultSet for closing later .
490	Get annotation from array of annotations .
491	Parses the given file ( tag file ) and returns the root of the // resulting parse tree .
492	Returns the least node in the subtree rooted at the given node .
493	Deliver the message to all listeners .
494	Replace the VariableSimpleIF in the column map with a new VariableSimpleIF that has the same name , description , units , datatype , and attributes , but has the dimensions of the StructureMembers . Member .
495	Substitutes variables in given template .
496	Returns true if this map contains a mapping for the specified value .
497	Returns a temporary directory for use by the extractor .
498	Writes the contents of the input stream to the output stream .
499	Adds an element to the group .
500	Returns the string value of the attribute .
501	Find a method with matching parameter types .
502	Unconfigures the resource adaptor object .
503	Deserialize the bytes to Object .
504	Negative log likelihood of the mixture density network .
505	Register a type and its serializer .
506	Adds an item to the list . If the item is already in the list it is moved to the top .
507	Lookup gzip bundle file .
508	Loads the DSL configuration from the given file .
509	Check if the path is a system jar in WEB-INF .
510	Reads a double attribute from a container .
511	Generates a collection of values of the given type .
512	Remove all documentation of a given type .
513	Sets the annotation .
514	Send a shutdown message to the Erlang node .
515	Sets the port number .
516	Returns a filter that will skip the first startPos records and then return the next pageSize records .
517	Sets the value of the specified column .
518	Read the parameter table and add the parameters to the list .
519	Receive notification of ignorable whitespace in element content.
520	Maps a scalar value into an ObservableSource .
521	Queries the database for a single value .
522	Checks the connection to the database .
523	Gets the value for the given key .
524	Clears the map by removing all listeners from all observables .
525	Returns the belief at the given index .
526	Returns the errors that occurred during parsing .
527	Partitions a list into a list of lists of size chunk .
528	Scan the directory for children .
529	Get cell from sheet .
530	Checks if the given property is included in the input annotation .
531	是否为日期时间
532	Removes the appender with the given name from the given logger .
533	Returns the file if it exists , or the cached version if it exists .
534	Create a draft pipeline fragment .
535	Sets the font style , size and color .
536	Creates a new URL .
537	Loads the given GuiceableModule s into the application .
538	Removes the entity from the SLEE .
539	Returns the square root of a BigDecimal .
540	Identifies duplicate group names .
541	Extracts values from the list of values .
542	Returns the list of available languages supported by the application .
543	Finish building the NetcdfDataset .
544	Creates an Option from a nullable value .
545	Returns the last file in the directory .
546	Returns a list of the types of indexes that are enabled .
547	Resolves the component type of the property .
548	getter for namedEntityTypes - gets List of named entity types .
549	Restores the taxonomy from the current state of the reasoner .
550	Add a class to the repository .
551	Wrap a callable with a transfer request .
552	Creates a Ref for the given value .
553	Pagination .
554	Returns true if the server should be started .
555	Process all events for keys queued to the watcher
556	Creates a new instance of the given class and populates it with the values from the given map .
557	Picks the expression that was set .
558	Check the value of an attribute.
559	Populates attributes for the given component .
560	Collects all elements from the given iterator into the given collection .
561	Writes the specified byte to this byte array output stream .
562	Parses a JavaTypeSignature and calls the appropriate visit method of the given SignatureVisitor .
563	Fills the buffer with a specific byte .
564	Copy the contents of the given Reader to the given OutputStream . Closes both when done .
565	Writes the name of an element or attribute .
566	Returns the bounding box for the given zoom level .
567	Returns a Pool for the given serverName .
568	Gets the value of the row property .
569	Plays a sound file .
570	Calculate the length of the string .
571	Add a query parameter to the request .
572	Sets the pixel value of the given image at the given x and y position .
573	Get the forecast time interval size in hours .
574	Get the group scope for this variable .
575	Unmarshal a string into an object .
576	Invokes action request asynchronously .
577	Fires an event .
578	Does the class have a field with the given name .
579	Counts the number of records of the specified class .
580	Returns true if the locator is current in the token discovery layer .
581	Determine the file subtype .
582	Test if the point is contained inside the triangle .
583	Extract phrases from a sequence of tokens .
584	Adds a method injection point .
585	setter for namedEntityTypes - sets The named entity types of the concept .
586	Returns true if the node is black .
587	Deletes an attachment .
588	Deletes the mapping for the given feature and geometry type .
589	Set the reference date .
590	Lookup the persistence provider for the given persistence unit .
591	Returns the unique ID of this node .
592	Sets the version number .
593	Notify all processors of the event .
594	Creates a Flow that serializes a stream of JsonNode objects into a stream of ByteString objects using the given callback name .
595	Initializes the parser .
596	Assembles a list of rows from a list of rows mapping .
597	Encode a public identifier as a URN .
598	Creates a new comment anchor .
599	Launch Nakamura .
600	setter for searchId - sets Feature Value
601	Method called to set a value in an array property.
602	Reads filter config parameters and sets them on the target object .
603	Collects all attribute prototypes .
604	Gets the form definition id and title .
605	Initialize map of charts anchors and positions .
606	Get the overwrite flag .
607	Add the vertical coordinate to the netcdf file .
608	Creates a MuteEvent from the given source .
609	Find the longest match for the given path .
610	Sets the entity of the request .
611	Returns the timeout value for this request .
612	Returns the element with the given id .
613	Sets the result image .
614	Builds the deployment unit .
615	Returns true if the given versions match the expected versions .
616	Checks if the last cleanup time is expired .
617	Pushes the given element onto the stack .
618	Checks the scope of the given variable .
619	Adds a double option .
620	Gets the default date pattern .
621	Convert byte array to primitive array .
622	Negate a complex number in place
623	Creates a new cluster for the given class name .
624	Generate the postamble code for a page
625	Decodes the protocol code from the given buffer .
626	Returns a list of unique base IDs for all user mappings .
627	Returns the cached class reader for the given advice class .
628	Finds the first index of any of a set of characters .
629	Get the GeoPackageMetadata for the id
630	Binds the given implementation class to this binding .
631	Returns a key that can be used to contribute a value to the map .
632	Validate socket buffer lengths .
633	Removes all entries from the tree .
634	Stop all background loading except for the one specified .
635	Returns an EditPart for the given model element .
636	Peek ahead to see if the next token is of the given kind . If it is then consume it and return true . Otherwise return false .
637	Build sheet configuration from sheet comment .
638	Closes the connection .
639	Adjusts the tile grid bounding box to be the world .
640	Creates a JPAConfig with two persistence units .
641	Counts the number of open parentheses before the given position in the given string .
642	Converts a Java List to a Scala Seq .
643	Gets the byte value at the given path .
644	Write escaped UTF - 16 string .
645	Evict if needed .
646	Writes an input button .
647	Aspect to add line and method to the context of a log builder .
648	Compares two keys using identity hash code .
649	Get transaction by id .
650	Reads the stream header from the given input stream .
651	Rollback all resources .
652	Close the output stream .
653	Update record header with HDFS specific attributes .
654	Sets the timer state and the executing thread .
655	Returns the time of the last reset .
656	Get a standard Date from a String .
657	Returns the granularity that will result in a number of points less than or equal to the requested number of points .
658	Returns the non - null schema from a union schema .
659	Adds tags to a metric .
660	Creates a WavHeader for the given AudioFormat and number of samples .
661	Preload all protocols .
662	Validates that all services are available and that all services are supported by the runtime engine .
663	Returns the IDL name of the given class .
664	Read data from file .
665	Returns the index of the group with the most coherent responses .
666	Returns the action input parameter with the given name .
667	Detects new partition .
668	Returns a Callable that when called returns the given value .
669	Generates a simple result.
670	Reads an int in little endian byte order .
671	Execute the function with the given name .
672	Sends the request body to the server .
673	Restore table from CSV file .
674	Inserts the node newChild after the existing child node refChild . If refChild is null , insert newChild at the end of the list of children . If the newChild is already in the tree , it is first removed .
675	serialize object to byte array .
676	Returns parameter with the given name . If more than one parameter with the given name exists the value of the first parameter is returned . If no parameter with the given name exists null is returned .
677	Reads all markdown files from the input directory and creates a list of MarkdownDTOs .
678	Constructs a VenmoConfiguration from a JSONObject .
679	Writes a null value .
680	Register change listeners for cache & model update period .
681	Get the StructureData for the ith member of the structure .
682	Get the context params from the jboss-web.xml .
683	Sets the value of the handelTyp property .
684	Create a new ArrayStructure , using the members from the innerData , but the shape from the section .
685	Gets the state to bind .
686	Invokes this action .
687	Create cell comment .
688	Registers a new compression algorithm .
689	Sets the size of the component .
690	Allocate a buffer of the given size .
691	Store a value in the session .
692	Creates a CalendarDate from a Calendar and a time in milliseconds .
693	Get the styles for a table .
694	Returns true if the string ends with the specified character .
695	Returns the name of the attribute that the given method is an accessor for .
696	Get all files in a directory .
697	Returns the set of ids of all objects that are contained in the given bounding box .
698	Processes an array .
699	Get the caller class name .
700	Merges the given map into this map .
701	Checks if the ontology is inconsistent .
702	Finds the record for the given ensemble , time , and level .
703	Creates a new POST request .
704	Retrieves and removes the head of this queue , waiting up to the specified wait time if necessary for an element to become available .
705	Shutdown the pool .
706	Save the current state of the GUI .
707	Returns a TermWalker that traverses a Term in postfix order and visits each term with the given PositionalTermVisitor .
708	Strip last word from a string .
709	Make a nested counter for the given row .
710	Creates execution array .
711	Tries to merge current value with the other value .
712	Convert a ProjectionPoint to a LatLonPoint .
713	Converts a map of bucket points to a list of bucket points .
714	Get the system property indicated by the specified key .
715	Reads arrays from the given variables .
716	Create a new NetcdfFileWriter .
717	Specify the encoder configuration .
718	Parses the specified string as a unit .
719	Returns the prefix of the given string in the given set , or null if there is no such prefix .
720	Add a new delegate to the list of delegates .
721	Get the value of the member as a byte .
722	This is a special case of a reduce operation . Ideally we'd use an OpFactory to create this .
723	Check if resource is under resource control .
724	Get boolean system property .
725	Read metadata content from a URL .
726	Creates a new ModularReference for the given class name and factory class .
727	Parse date from string .
728	Atomically sets the OnceSubscriber and returns true if successful . If the target Subscription is not null , the provided Subscription is cancelled and the operation is not performed .
729	Pushes or pops the given EntityManager on the stack of EntityManagers .
730	Sets the resolution of the timer .
731	Returns the uninstall actions for this deployable unit .
732	Print a compound instance .
733	Returns a constructor of a class .
734	Creates a new SSL socket .
735	Returns a new state that is the result of applying the given operator to this state .
736	Evaluates record .
737	Poll for data .
738	Parses the tag file directives in the given file , and returns a TagInfo object representing the information found in the tag file .
739	Executes the query to add a partition to a table .
740	Returns a collection view of the values contained in this map . The collection is backed by the map , so changes to the map are reflected in the collection , and vice - versa . If the map is modified while an iteration over the collection is in progress
741	Prints all class declarations in the given taxonomy .
742	Returns the Drools breakpoint for the given source .
743	Returns the last element of a list .
744	Get service special .
745	Returns the bounds of the selection .
746	Sets target class .
747	Replaces the content of the file with the content of the given file .
748	Returns the distance squared from the given point to the nearest point in the grid .
749	Validates the given input against the IPv4 format .
750	Adds a header with the given name and value . If the header had already been set , the new value overwrites the previous one .
751	Is the current time within the period of the sun .
752	Returns a filter that matches declarations with all of the given modifiers .
753	Reads data from file .
754	Get the content of the first child element with the given tag name .
755	Generate the servlet .
756	Checks if the request is eligible for gzip compression .
757	Returns the page at the given index .
758	Parses a string content .
759	Creates targets for action method parameters .
760	Decorates the given preprocessor with the default decorator .
761	Deletes entity by ID .
762	Unescape a string .
763	Returns the pixel values of the image .
764	Throttle queries to the server .
765	Saves a record in synchronous mode .
766	Adds a query parameter to the URL .
767	Retrieves the named object . If name is empty , returns a new instance of this context ( which represents the same naming context as this context , but its environment may be modified independently and it may be accessed concurrently ) .
768	Checks that the given candidate operator symbol has one of the given fixities . If it does not , throws a SourceCodeException .
769	Load an argument into the stack .
770	Get or create the metadata for the GeoPackage
771	Returns the header for the toString ( ) method .
772	Returns a map of all the locations of the class files in the classpath .
773	Splits a list into batches of a given size .
774	Retrieves the user token from the DPM server .
775	Checks if a profile exists .
776	Signals the signalable if the size threshold has been crossed .
777	Starts the stopwatch .
778	Generates a SubjectAccessReview object .
779	Maps a Map to a JavaBean .
780	Find the x , y index of the grid point that contains the given lat , lon .
781	Creates a new LogValueMap with one key / value pair .
782	Escapes special characters within tag attributes .
783	Print the attributes of the given node .
784	Returns a set view of the keys contained in this map . The set is backed by the map , so changes to the map are reflected in the set , and vice - versa . If the map is modified while an iteration over the set is in progress
785	Fires a PresenceEvent .
786	Shutdown the MemCache client .
787	Sets a parameter for the query .
788	Parse comment to map .
789	Performs a depth bounded search on the given initial search state and start states with the given maximum bound .
790	Delete a flow .
791	Converts a map of pre-processors to a map of post-processors .
792	Checks to see if the file is a valid RAW file .
793	Get charset from BOM .
794	Prepares the template for rendering .
795	List resources .
796	Generates a data URI for the given bytes and MIME type .
797	Sets the value of the feature '{@link edu.cmu.lti.oaqa.type.retrieval.AtomicQueryConcept#getOriginalText() <em>originalText</em>}' . </
798	Returns the common pool queue for the given task , or null if not applicable .
799	Find the index of the x , y coordinate in the grid .
800	Clears all children from this node .
801	Returns a list of station key names .
802	Put private data .
803	Read data from a regular layout .
804	Create a function properties object from a flat properties object
805	Loads properties from the specified URL .
806	Change index number in hidden column .
807	Build watch list for cell .
808	Subtract two matrices (in place)
809	Sets the value of the lager property .
810	Converts a SingleSource into a Maybe .
811	Sign request .
812	Store the value of the attribute in the cache.
813	Sets the list of rows to be displayed in the table .
814	Dumps the generated class to the debug folder .
815	Writes the request body to the given output stream .
816	Returns the URLs of the classpath of the given classloader .
817	Copies the specified array , truncating or padding with nulls ( if necessary ) so the copy has the specified length . For all indices that are valid in both the original array and the copy , the two arrays will contain identical values . For any
818	Wraps the given string in the configured prefix and suffix .
819	Callback for the result of the authentication request .
820	Deletes all temporary files created by Humble .
821	Search forward for a match .
822	Creates a UnicastSubject with the default buffer size .
823	Returns the depth of the given path .
824	Returns the CtorDescriptor for the given constructor arguments .
825	Creates a new CommandResource .
826	Rotate Image
827	Computes the new image location based on the cssUri and the imageUrl .
828	Set the API key and secret for the Coinbase account .
829	Memcache image .
830	Returns all cookies with the given name .
831	Close all open databases .
832	Verifies if the given command is supported by the given capabilities .
833	Returns a String representation of the page scope .
834	Returns the error message of the given exception .
835	Adds an object to the top of the stack .
836	Returns a timestamp string .
837	Sets the page of the parent data table .
838	Import progress from resource .
839	Removes the profile table .
840	Consume and return the trailing portion of a line that is a comment .
841	Returns true if this group is a child of that group .
842	Restores the values of the properties of the given object from the given map of property names and values .
843	getter for types - gets an indexed value - A list of types of this concept .
844	Logs the details of the validation results .
845	Get custom location from metadata record .
846	Finds the alias for the given variable name .
847	Reads the JSON representation of the given type from the given input stream .
848	Creates an EndedEvent .
849	Returns the image descriptor for the given image ID .
850	Adds a date field to the form .
851	Sets the default style for a feature .
852	Saves the given POJO to the datastore .
853	Pass reserved attributes to the node .
854	Creates a new restriction for the given property name and value .
855	Verify a password against a hash .
856	Puts new entry in the index . In case of index has key that already exists , exception is thrown .
857	Matches a cookie with a secured flag matching the given matcher .
858	Scans the file system for the next file .
859	Run the sql in the database .
860	Converts the given value to a collection of the given type .
861	Computes the convex hull of the set of points .
862	Verifies that the event model contains a stop music descriptor .
863	Reloads the cache with the new value .
864	Returns the current resource if not disposed .
865	Adds all jars in the classpath to the job configuration .
866	Creates a new class with the given name and interfaces .
867	Parses the command line arguments and returns a Properties object .
868	Invoked when a client error occurs , that is , an error in the 4xx series .
869	Creates a key index for a property .
870	Count the number of bits in this data descriptor .
871	Adds all checks for the given class .
872	Returns a builder for an OcspFetcher .
873	Polls the queue for the next event .
874	Returns the object at the specified index .
875	Creates a strict entity from a string .
876	Returns the first BillingAgreementRecipe that is configured for browser-based billing agreements .
877	Upgrade from previous version .
878	Finds a channel by name .
879	Get a cookie value .
880	Adds a lock entry to the lock info .
881	Returns true if the current thread is associated with a transaction .
882	Shutdown the logging system.
883	Adds a given fact to the rule .
884	Reads embedded collection and returns list of positions of each element .
885	Fades down the view .
886	Get the number of time steps per file for a given file .
887	Add session id to channel uri .
888	Does this CoordinateSystem contain the given axis .
889	Outputs the given content to the given file or to the console if the filename is null or "-" .
890	Sets the value of the blick property .
891	Reads the contents of a file into a byte array .
892	Synchronizes all design documents with the database .
893	Returns the id of the edge .
894	Resolve the schema access .
895	Appends data to a file .
896	Returns all interfaces implemented by the given class and its superclasses .
897	setter for query - sets Feature Value
898	Process a frame that is a part of a continuous frame sequence .
899	Gets the color from the shape properties .
900	Extracts the public ID from an OTP.
901	Filter out all characters that are not 7-bit ASCII .
902	Returns a new LocalDateTime with the seconds part of the time set to the specified value .
903	Visits an annotation of this class .
904	Returns MD5 hash of the given text .
905	Detach the specified sbb entity from this activity context .
906	Sets the content id from the name if the content id is missing .
907	Writes the decorated page to the given writer .
908	Gets the fully-qualified class name of the tag handler corresponding to the given path .
909	Tombstone an entry .
910	Sets the default icon for a feature .
911	Returns true if the method is method level .
912	Creates a response that is used for errors .
913	Decreases property value by delta .
914	Acquire a LoginManager instance for the given login type .
915	Returns a filter that matches declarations that are matched by both this filter and the given filter .
916	Sets the icons for a feature .
917	Creates a new deployment .
918	Returns the list of SASL mechanisms that are supported by the server .
919	Sets the offline presences for all users .
920	Stops the server .
921	Throws the given throwable if it is an instance of the given exception class .
922	Creates a new FSTConfiguration with JSON support .
923	Adds a model transformer .
924	Get the chart type from the given chart .
925	Get the country name for the given country code .
926	GRU ( Gated Recurrent Unit ) recurrent neural network layer .
927	Gets the value of the 'offsetInBeginSection' feature .
928	Inserts the value into the given Any .
929	Convert a column matrix to a 2d image matrix .
930	Writes the contents of the specified input stream to this byte stream. Bytes from the input stream are read directly into the internal buffers of this streams.
931	Unpack data .
932	Reverses the given map .
933	Returns the enabled cipher suites .
934	Returns the mapped type for the given path .
935	Roll the data window forward to the given time .
936	Returns the effective level of this Status . The effective level is the highest level of this Status and its children .
937	Login via basic auth or request params .
938	The max zoom allowed is 4x the native resolution of the image .
939	Fades the view up .
940	Executes the before commit actions .
941	Dump the arcs from a state, in reverse order.
942	Registers action filter .
943	Set the current element to the specified index .
944	Generates a static initializer block that calls all the advice clinits .
945	Main method .
946	Get a property as a Long .
947	Returns the next packet from the queue .
948	Copies data from this buffer to the given destination array .
949	Selects a list of nodes matching the given XPath expression .
950	Verifies the new configuration and switches to it .
951	Set the station info .
952	Creates a method that returns the SbbActivityContextInterface for the given ActivityContextInterface .
953	Writes a column chunk .
954	Resets the agent system .
955	Create a CalendarDate from a java.util.Calendar .
956	Return a string as the response .
957	Adds an interceptor to the view .
958	getter for candidateAnswers - gets an indexed value -
959	Validate the page size .
960	The main loop of the thread .
961	Is this a radial coordinate system ?
962	Finds a point at a given distance and azimuth from a given point .
963	Consumes the data stream and returns a CompletionStage with the data as ByteString .
964	Removes all the pools associated to the storage .
965	Section a 2D CoordinateAxis .
966	Writes the content disposition .
967	Initializes the learning algorithm .
968	Writes the specified double array to the underlying output stream .
969	Creates a new file observer watching the given path .
970	Puts a byte into this byte vector . The byte vector is automatically enlarged if necessary .
971	Returns next available device for current thread .
972	Add the given authorities to the given collection .
973	Find the coordinate axis with the given type .
974	Returns the value of the offset .
975	Replace all occurrences of a string with another string .
976	Allocates a range of keys for the given incomplete key .
977	Is the driver active .
978	Returns a list of all filenames in the archive .
979	Copy the contents of the given Reader to the given Writer . Closes both when done .
980	Set up for the main lexical loop.
981	Validates the SLD .
982	Logs a message to the console .
983	Returns the value of the property with the given id if it is one of the properties that this object supports . Otherwise null is returned .
984	Creates a new field of type ParagraphText with the meta data of PLAIN .
985	Returns the pixel value at the given x and y coordinates .
986	Finds a vertex by its data .
987	Creates a new Cookies instance with the given cookies .
988	Computes the mean of all the points .
989	Tries to reconnect with the server .
990	setter for offsetInEndSection - sets The offset of the end of the passage in the end section .
991	Returns a set of SbbIDs of all Sbbs that are part of this SbbComponent .
992	Displays the admin page for a contact .
993	Main program - used for testing only .
994	Returns an AsyncDatastore instance .
995	Returns the selected row .
996	Returns the common parent directory of two files .
997	Delete all the old database files .
998	Restores the system properties to their original values .
999	Checks if the Accept header is valid .